<?xml version="1.0" encoding="UTF-8"?>
<!-- Generated by org.testng.reporters.JUnitXMLReporter -->
<testsuite ignored="0" hostname="DESKTOP-IP7TE20" failures="0" tests="4" name="Surefire test" time="18.375" errors="0" timestamp="2025-06-17T10:11:15 IST">
  <testcase classname="api.test.UserTests" name="testPostUser" time="6.197"/>
  <testcase classname="api.test.UserTests" name="testGetUserByName" time="2.187"/>
  <testcase classname="api.test.UserTests" name="testUpdateUserByName" time="4.495"/>
  <testcase classname="api.test.UserTests" name="testDeleteUserByName" time="3.176"/>
</testsuite> <!-- Surefire test -->
