<?xml version="1.0" encoding="UTF-8"?>
<!-- Generated by org.testng.reporters.JUnitXMLReporter -->
<testsuite ignored="0" hostname="DESKTOP-IP7TE20" failures="0" tests="6" name="Default test" time="13.498" errors="0" timestamp="2025-06-17T00:17:27 IST">
  <testcase classname="api.test.DDTests" name="testPostUser" time="5.23"/>
  <testcase classname="api.test.DDTests" name="testPostUser" time="1.189"/>
  <testcase classname="api.test.DDTests" name="testPostUser" time="1.227"/>
  <testcase classname="api.test.DDTests" name="testDeleteUserByName" time="1.253"/>
  <testcase classname="api.test.DDTests" name="testDeleteUserByName" time="1.2"/>
  <testcase classname="api.test.DDTests" name="testDeleteUserByName" time="1.224"/>
</testsuite> <!-- Default test -->
