<?xml version="1.0" encoding="UTF-8"?>
<testsuite xmlns:xsi="http://www.w3.org/2001/XMLSchema-instance" xsi:noNamespaceSchemaLocation="https://maven.apache.org/surefire/maven-surefire-plugin/xsd/surefire-test-report-3.0.xsd" version="3.0" name="TestSuite" time="28.605" tests="4" errors="0" skipped="0" failures="0">
  <properties>
[...]
</properties>
  <testcase name="testPostUser" classname="api.test.UserTests" time="9.956">
    <system-out><![CDATA[HTTP/1.1 200 OK
Date: Wed, 18 Jun 2025 15:28:42 GMT
Content-Type: application/json
Transfer-Encoding: chunked
Connection: keep-alive
Access-Control-Allow-Origin: *
Access-Control-Allow-Methods: GET, POST, DELETE, PUT
Access-Control-Allow-Headers: Content-Type, api_key, Authorization
Server: Jetty(9.2.9.v20150224)

{
    "code": 200,
    "type": "unknown",
    "message": "1070044969"
}
]]></system-out>
  </testcase>
  <testcase name="testGetUserByName" classname="api.test.UserTests" time="2.522">
    <system-out><![CDATA[HTTP/1.1 200 OK
Date: Wed, 18 Jun 2025 15:28:45 GMT
Content-Type: application/json
Transfer-Encoding: chunked
Connection: keep-alive
Access-Control-Allow-Origin: *
Access-Control-Allow-Methods: GET, POST, DELETE, PUT
Access-Control-Allow-Headers: Content-Type, api_key, Authorization
Server: Jetty(9.2.9.v20150224)

{
    "id": 1070044969,
    "username": "coralee.tremblay",
    "firstName": "Junko",
    "lastName": "Keeling",
    "email": "keila.skiles@example.com",
    "password": "biekfm",
    "phone": "380-608-2183",
    "userStatus": 0
}
]]></system-out>
  </testcase>
  <testcase name="testUpdateUserByName" classname="api.test.UserTests" time="4.474">
    <system-out><![CDATA[{
    "code": 200,
    "type": "unknown",
    "message": "1070044969"
}
HTTP/1.1 200 OK
Date: Wed, 18 Jun 2025 15:28:49 GMT
Content-Type: application/json
Transfer-Encoding: chunked
Connection: keep-alive
Access-Control-Allow-Origin: *
Access-Control-Allow-Methods: GET, POST, DELETE, PUT
Access-Control-Allow-Headers: Content-Type, api_key, Authorization
Server: Jetty(9.2.9.v20150224)

{
    "id": 1070044969,
    "username": "coralee.tremblay",
    "firstName": "Junko",
    "lastName": "Keeling",
    "email": "keila.skiles@example.com",
    "password": "biekfm",
    "phone": "380-608-2183",
    "userStatus": 0
}
]]></system-out>
  </testcase>
  <testcase name="testDeleteUserByName" classname="api.test.UserTests" time="3.134">
    <system-out><![CDATA[USERNAME TO DELETE: coralee.tremblay
HTTP/1.1 200 OK
Date: Wed, 18 Jun 2025 15:28:52 GMT
Content-Type: application/json
Transfer-Encoding: chunked
Connection: keep-alive
Access-Control-Allow-Origin: *
Access-Control-Allow-Methods: GET, POST, DELETE, PUT
Access-Control-Allow-Headers: Content-Type, api_key, Authorization
Server: Jetty(9.2.9.v20150224)

{
    "code": 200,
    "type": "unknown",
    "message": "coralee.tremblay"
}
]]></system-out>
  </testcase>
</testsuite>