<?xml version="1.0" encoding="UTF-8"?>
<testng-results ignored="0" total="4" passed="4" failed="0" skipped="0">
  <reporter-output>
  </reporter-output>
  <suite started-at="2025-06-18T20:58:26 IST" name="PetSuite" finished-at="2025-06-18T20:58:51 IST" duration-ms="24820">
    <groups>
    </groups>
    <test started-at="2025-06-18T20:58:26 IST" name="PetTest" finished-at="2025-06-18T20:58:51 IST" duration-ms="24820">
      <class name="api.test.UserTests">
        <test-method is-config="true" signature="setUpData()[pri:0, instance:api.test.UserTests@37afeb11]" started-at="2025-06-18T20:58:27 IST" name="setUpData" finished-at="2025-06-18T20:58:31 IST" duration-ms="3814" status="PASS">
          <reporter-output>
          </reporter-output>
        </test-method> <!-- setUpData -->
        <test-method signature="testPostUser()[pri:1, instance:api.test.UserTests@37afeb11]" started-at="2025-06-18T20:58:31 IST" name="testPostUser" finished-at="2025-06-18T20:58:41 IST" duration-ms="9922" status="PASS">
          <reporter-output>
          </reporter-output>
        </test-method> <!-- testPostUser -->
        <test-method signature="testGetUserByName()[pri:2, instance:api.test.UserTests@37afeb11]" started-at="2025-06-18T20:58:41 IST" name="testGetUserByName" finished-at="2025-06-18T20:58:44 IST" duration-ms="2518" status="PASS">
          <reporter-output>
          </reporter-output>
        </test-method> <!-- testGetUserByName -->
        <test-method signature="testUpdateUserByName()[pri:3, instance:api.test.UserTests@37afeb11]" started-at="2025-06-18T20:58:44 IST" name="testUpdateUserByName" finished-at="2025-06-18T20:58:48 IST" duration-ms="4468" status="PASS">
          <reporter-output>
          </reporter-output>
        </test-method> <!-- testUpdateUserByName -->
        <test-method signature="testDeleteUserByName()[pri:4, instance:api.test.UserTests@37afeb11]" started-at="2025-06-18T20:58:48 IST" name="testDeleteUserByName" finished-at="2025-06-18T20:58:51 IST" duration-ms="3144" status="PASS">
          <reporter-output>
          </reporter-output>
        </test-method> <!-- testDeleteUserByName -->
      </class> <!-- api.test.UserTests -->
    </test> <!-- PetTest -->
  </suite> <!-- PetSuite -->
</testng-results>
