<?xml version="1.0" encoding="UTF-8"?>
<testng-results ignored="0" total="4" passed="4" failed="0" skipped="0">
  <reporter-output>
  </reporter-output>
  <suite started-at="2025-06-17T10:01:23 IST" name="PetSuite" finished-at="2025-06-17T10:01:46 IST" duration-ms="23057">
    <groups>
    </groups>
    <test started-at="2025-06-17T10:01:23 IST" name="PetTest" finished-at="2025-06-17T10:01:46 IST" duration-ms="23057">
      <class name="api.test.UserTests">
        <test-method is-config="true" signature="setUpData()[pri:0, instance:api.test.UserTests@4c12331b]" started-at="2025-06-17T10:01:24 IST" name="setUpData" finished-at="2025-06-17T10:01:27 IST" duration-ms="3467" status="PASS">
          <reporter-output>
          </reporter-output>
        </test-method> <!-- setUpData -->
        <test-method signature="testPostUser()[pri:1, instance:api.test.UserTests@4c12331b]" started-at="2025-06-17T10:01:27 IST" name="testPostUser" finished-at="2025-06-17T10:01:36 IST" duration-ms="8384" status="PASS">
          <reporter-output>
          </reporter-output>
        </test-method> <!-- testPostUser -->
        <test-method signature="testGetUserByName()[pri:2, instance:api.test.UserTests@4c12331b]" started-at="2025-06-17T10:01:36 IST" name="testGetUserByName" finished-at="2025-06-17T10:01:38 IST" duration-ms="2328" status="PASS">
          <reporter-output>
          </reporter-output>
        </test-method> <!-- testGetUserByName -->
        <test-method signature="testUpdateUserByName()[pri:3, instance:api.test.UserTests@4c12331b]" started-at="2025-06-17T10:01:38 IST" name="testUpdateUserByName" finished-at="2025-06-17T10:01:43 IST" duration-ms="4527" status="PASS">
          <reporter-output>
          </reporter-output>
        </test-method> <!-- testUpdateUserByName -->
        <test-method signature="testDeleteUserByName()[pri:4, instance:api.test.UserTests@4c12331b]" started-at="2025-06-17T10:01:43 IST" name="testDeleteUserByName" finished-at="2025-06-17T10:01:46 IST" duration-ms="3177" status="PASS">
          <reporter-output>
          </reporter-output>
        </test-method> <!-- testDeleteUserByName -->
      </class> <!-- api.test.UserTests -->
    </test> <!-- PetTest -->
  </suite> <!-- PetSuite -->
</testng-results>
