<?xml version="1.0" encoding="UTF-8"?>
<!-- Generated by org.testng.reporters.JUnitXMLReporter -->
<testsuite ignored="0" hostname="DESKTOP-IP7TE20" failures="0" tests="4" name="PetTest" time="24.82" errors="0" timestamp="2025-06-18T20:58:52 IST">
  <testcase classname="api.test.UserTests" name="testPostUser" time="9.922"/>
  <testcase classname="api.test.UserTests" name="testGetUserByName" time="2.518"/>
  <testcase classname="api.test.UserTests" name="testUpdateUserByName" time="4.468"/>
  <testcase classname="api.test.UserTests" name="testDeleteUserByName" time="3.144"/>
</testsuite> <!-- PetTest -->
