<?xml version="1.0" encoding="UTF-8"?>
<!-- Generated by org.testng.reporters.JUnitXMLReporter -->
<testsuite ignored="0" hostname="DESKTOP-IP7TE20" failures="1" tests="4" name="PetTest" time="25.612" errors="0" timestamp="2025-06-18T21:20:42 IST">
  <testcase classname="api.test.UserTests" name="testPostUser" time="9.267"/>
  <testcase classname="api.test.UserTests" name="testGetUserByName" time="2.306">
    <failure type="java.lang.AssertionError" message="expected [200] but found [404]">
      <![CDATA[java.lang.AssertionError: expected [200] but found [404]
at api.test.UserTests.testGetUserByName(UserTests.java:54)
at java.base/java.util.ArrayList.forEach(ArrayList.java:1596)
... Removed 32 stack frames]]>
    </failure>
  </testcase> <!-- testGetUserByName -->
  <testcase classname="api.test.UserTests" name="testUpdateUserByName" time="4.67"/>
  <testcase classname="api.test.UserTests" name="testDeleteUserByName" time="3.231"/>
</testsuite> <!-- PetTest -->
